<?xml version="1.0" encoding="UTF-8"?>
<!-- Generated by org.testng.reporters.JUnitReportReporter -->
<testsuite hostname="DESKTOP-E71253M" failures="0" tests="4" name="api.test.UserTests2" time="7.584" errors="0" timestamp="2024-01-13T14:49:17 IST" skipped="0">
  <testcase classname="api.test.UserTests2" name="testPostUser" time="3.021"/>
  <system-out/>
  <testcase classname="api.test.UserTests2" name="getUser" time="1.498"/>
  <system-out/>
  <testcase classname="api.test.UserTests2" name="updateUser" time="1.567"/>
  <system-out/>
  <testcase classname="api.test.UserTests2" name="deleteUser" time="1.498"/>
  <system-out/>
</testsuite> <!-- api.test.UserTests2 -->
