<?xml version="1.0" encoding="UTF-8"?>
<!-- Generated by org.testng.reporters.JUnitReportReporter -->
<testsuite hostname="DESKTOP-E71253M" failures="0" tests="4" name="api.test.UserTests" time="7.838" errors="0" timestamp="2024-01-13T13:36:14 IST" skipped="0">
  <testcase classname="api.test.UserTests" name="testPostUser" time="3.194"/>
  <system-out/>
  <testcase classname="api.test.UserTests" name="getUser" time="1.537"/>
  <system-out/>
  <testcase classname="api.test.UserTests" name="updateUser" time="1.614"/>
  <system-out/>
  <testcase classname="api.test.UserTests" name="deleteUser" time="1.493"/>
  <system-out/>
</testsuite> <!-- api.test.UserTests -->
