<?xml version="1.0" encoding="UTF-8"?>
<!-- Generated by org.testng.reporters.JUnitReportReporter -->
<testsuite hostname="DESKTOP-E71253M" failures="0" tests="9" name="api.test.DDTests" time="16.067" errors="0" timestamp="2024-01-12T14:23:03 IST" skipped="0">
  <testcase classname="api.test.DDTests" name="testPostUser" time="1.633"/>
  <system-out/>
  <testcase classname="api.test.DDTests" name="testPostUser" time="3.299"/>
  <system-out/>
  <testcase classname="api.test.DDTests" name="testPostUser" time="1.507"/>
  <system-out/>
  <testcase classname="api.test.DDTests" name="getUser" time="1.534"/>
  <system-out/>
  <testcase classname="api.test.DDTests" name="getUser" time="1.849"/>
  <system-out/>
  <testcase classname="api.test.DDTests" name="getUser" time="1.585"/>
  <system-out/>
  <testcase classname="api.test.DDTests" name="deleteUserByName" time="1.535"/>
  <system-out/>
  <testcase classname="api.test.DDTests" name="deleteUserByName" time="1.738"/>
  <system-out/>
  <testcase classname="api.test.DDTests" name="deleteUserByName" time="1.387"/>
  <system-out/>
</testsuite> <!-- api.test.DDTests -->
