<?xml version="1.0" encoding="UTF-8"?>
<!-- Generated by org.testng.reporters.JUnitReportReporter -->
<testsuite hostname="DESKTOP-E71253M" failures="0" tests="4" name="api.test.UserTests2" time="6.805" errors="0" timestamp="2024-01-13T16:19:33 IST" skipped="0">
  <testcase classname="api.test.UserTests2" name="testPostUser" time="3.110"/>
  <system-out/>
  <testcase classname="api.test.UserTests2" name="getUser" time="1.074"/>
  <system-out/>
  <testcase classname="api.test.UserTests2" name="updateUser" time="1.240"/>
  <system-out/>
  <testcase classname="api.test.UserTests2" name="deleteUser" time="1.381"/>
  <system-out/>
</testsuite> <!-- api.test.UserTests2 -->
