<?xml version="1.0" encoding="UTF-8"?>
<!-- Generated by org.testng.reporters.JUnitReportReporter -->
<testsuite hostname="DESKTOP-E71253M" failures="0" tests="9" name="api.test.DDTests" time="15.195" errors="0" timestamp="2024-01-13T15:26:26 IST" skipped="0">
  <testcase classname="api.test.DDTests" name="testPostUser" time="1.547"/>
  <system-out/>
  <testcase classname="api.test.DDTests" name="testPostUser" time="3.200"/>
  <system-out/>
  <testcase classname="api.test.DDTests" name="testPostUser" time="1.496"/>
  <system-out/>
  <testcase classname="api.test.DDTests" name="getUser" time="1.617"/>
  <system-out/>
  <testcase classname="api.test.DDTests" name="getUser" time="1.436"/>
  <system-out/>
  <testcase classname="api.test.DDTests" name="getUser" time="1.480"/>
  <system-out/>
  <testcase classname="api.test.DDTests" name="deleteUserByName" time="1.534"/>
  <system-out/>
  <testcase classname="api.test.DDTests" name="deleteUserByName" time="1.537"/>
  <system-out/>
  <testcase classname="api.test.DDTests" name="deleteUserByName" time="1.348"/>
  <system-out/>
</testsuite> <!-- api.test.DDTests -->
