<?xml version="1.0" encoding="UTF-8"?>
<!-- Generated by org.testng.reporters.JUnitReportReporter -->
<testsuite hostname="DESKTOP-E71253M" failures="0" tests="4" name="api.test.UserTests" time="5.928" errors="0" timestamp="2024-01-13T15:26:26 IST" skipped="0">
  <testcase classname="api.test.UserTests" name="testPostUser" time="1.428"/>
  <system-out/>
  <testcase classname="api.test.UserTests" name="getUser" time="1.532"/>
  <system-out/>
  <testcase classname="api.test.UserTests" name="updateUser" time="1.466"/>
  <system-out/>
  <testcase classname="api.test.UserTests" name="deleteUser" time="1.502"/>
  <system-out/>
</testsuite> <!-- api.test.UserTests -->
